d:\unisinos\pg\pg2022-1\trabalhoga\trabalhoga\x64\debug\vc143.pdb
d:\unisinos\pg\pg2022-1\trabalhoga\trabalhoga\x64\debug\vc143.idb
d:\unisinos\pg\pg2022-1\trabalhoga\trabalhoga\x64\debug\texture.obj
d:\unisinos\pg\pg2022-1\trabalhoga\trabalhoga\x64\debug\sprite_renderer.obj
d:\unisinos\pg\pg2022-1\trabalhoga\trabalhoga\x64\debug\shader.obj
d:\unisinos\pg\pg2022-1\trabalhoga\trabalhoga\x64\debug\resource_manager.obj
d:\unisinos\pg\pg2022-1\trabalhoga\trabalhoga\x64\debug\program.obj
d:\unisinos\pg\pg2022-1\trabalhoga\trabalhoga\x64\debug\game_object.obj
d:\unisinos\pg\pg2022-1\trabalhoga\trabalhoga\x64\debug\game.obj
d:\unisinos\pg\pg2022-1\trabalhoga\trabalhoga\x64\debug\ball_object.obj
d:\unisinos\pg\pg2022-1\trabalhoga\trabalhoga\x64\debug\glad.obj
d:\unisinos\pg\pg2022-1\trabalhoga\trabalhoga\x64\debug\trabalhoga.pdb
d:\unisinos\pg\pg2022-1\trabalhoga\trabalhoga\x64\debug\trabalhoga.tlog\cl.command.1.tlog
d:\unisinos\pg\pg2022-1\trabalhoga\trabalhoga\x64\debug\trabalhoga.tlog\cl.read.1.tlog
d:\unisinos\pg\pg2022-1\trabalhoga\trabalhoga\x64\debug\trabalhoga.tlog\cl.write.1.tlog
d:\unisinos\pg\pg2022-1\trabalhoga\trabalhoga\x64\debug\trabalhoga.tlog\link-cvtres.read.1.tlog
d:\unisinos\pg\pg2022-1\trabalhoga\trabalhoga\x64\debug\trabalhoga.tlog\link-cvtres.write.1.tlog
d:\unisinos\pg\pg2022-1\trabalhoga\trabalhoga\x64\debug\trabalhoga.tlog\link-rc.read.1.tlog
d:\unisinos\pg\pg2022-1\trabalhoga\trabalhoga\x64\debug\trabalhoga.tlog\link-rc.write.1.tlog
d:\unisinos\pg\pg2022-1\trabalhoga\trabalhoga\x64\debug\trabalhoga.tlog\link.command.1.tlog
d:\unisinos\pg\pg2022-1\trabalhoga\trabalhoga\x64\debug\trabalhoga.tlog\link.read.1.tlog
d:\unisinos\pg\pg2022-1\trabalhoga\trabalhoga\x64\debug\trabalhoga.tlog\link.read.2.tlog
d:\unisinos\pg\pg2022-1\trabalhoga\trabalhoga\x64\debug\trabalhoga.tlog\link.write.1.tlog
